\BOOKMARK [1][-]{section.1}{\376\377\137\025\212\000}{}% 1
\BOOKMARK [2][-]{subsection.1.1}{\376\377\133\236\232\214\166\356\166\204}{section.1}% 2
\BOOKMARK [2][-]{subsection.1.2}{\376\377\133\236\232\214\123\237\164\006\124\214\133\236\232\214\145\271\154\325}{section.1}% 3
\BOOKMARK [1][-]{section.2}{\376\377\133\236\232\214\220\350\122\006}{}% 4
\BOOKMARK [2][-]{subsection.2.1}{\376\377\116\352\126\150\124\214\213\325\122\102}{section.2}% 5
\BOOKMARK [2][-]{subsection.2.2}{\376\377\133\236\232\214\121\205\133\271\000p\000h\000y\000s\000c\000h\000e\000m\000l\000a\000b}{section.2}% 6
\BOOKMARK [3][-]{subsubsection.2.2.1}{\376\377\145\313\121\111\116\352\226\366\160\271\150\041\121\306}{subsection.2.2}% 7
\BOOKMARK [3][-]{subsubsection.2.2.2}{\376\377\221\115\122\066\205\027\174\326\156\266\155\262}{subsection.2.2}% 8
\BOOKMARK [3][-]{subsubsection.2.2.3}{\376\377\145\313\121\111\136\246\166\204\155\113\133\232}{subsection.2.2}% 9
\BOOKMARK [3][-]{subsubsection.2.2.4}{\376\377\166\204\155\113\133\232}{subsection.2.2}% 10
\BOOKMARK [1][-]{section.3}{\376\377\145\160\143\156\116\016\176\323\147\234}{}% 11
\BOOKMARK [2][-]{subsection.3.1}{\376\377\133\236\232\214\145\160\143\156\131\004\164\006\116\016\122\006\147\220}{section.3}% 12
\BOOKMARK [3][-]{subsubsection.3.1.1}{\376\377\170\156\133\232\145\313\121\111\116\352\166\204\226\366\160\271}{subsection.3.1}% 13
\BOOKMARK [3][-]{subsubsection.3.1.2}{\376\377\145\313\121\111\136\246\166\204\155\113\133\232}{subsection.3.1}% 14
\BOOKMARK [3][-]{subsubsection.3.1.3}{\376\377\166\204\155\113\133\232}{subsection.3.1}% 15
\BOOKMARK [2][-]{subsection.3.2}{\376\377\145\160\143\156\131\004\164\006\176\323\147\234\116\016\122\006\147\220}{section.3}% 16
\BOOKMARK [3][-]{subsubsection.3.2.1}{\376\377\205\027\174\326\217\154\123\026\123\315\136\224\121\163\116\216\205\027\174\326\166\204\123\315\136\224\176\247\145\160}{subsection.3.2}% 17
\BOOKMARK [3][-]{subsubsection.3.2.2}{\376\377\123\315\136\224\220\037\163\207\136\070\145\160\000k\124\214\123\112\210\160\147\037\000t\0001\000/\0002}{subsection.3.2}% 18
\BOOKMARK [3][-]{subsubsection.3.2.3}{\376\377\205\027\174\326\217\154\123\026\123\315\136\224\121\163\116\216\000H\000+\166\204\123\315\136\224\176\247\145\160}{subsection.3.2}% 19
\BOOKMARK [1][-]{section.4}{\376\377\213\250\213\272\116\016\176\323\213\272}{}% 20
\BOOKMARK [2][-]{subsection.4.1}{\376\377\133\236\232\214\213\250\213\272}{section.4}% 21
\BOOKMARK [3][-]{subsubsection.4.1.1}{\376\377\155\113\221\317\135\346\145\313\145\160\143\156\166\204\137\161\124\315}{subsection.4.1}% 22
\BOOKMARK [3][-]{subsubsection.4.1.2}{\376\377\213\357\135\356\147\145\156\220\122\006\147\220}{subsection.4.1}% 23
\BOOKMARK [3][-]{subsubsection.4.1.3}{\376\377\133\236\232\214\166\204\145\071\217\333}{subsection.4.1}% 24
\BOOKMARK [2][-]{subsection.4.2}{\376\377\133\236\232\214\176\323\213\272}{section.4}% 25
\BOOKMARK [1][-]{section.5}{\376\377\000S\000u\000p\000p\000o\000r\000t\000i\000n\000g\000\040\000I\000n\000f\000o\000r\000m\000a\000t\000i\000o\000n}{}% 26
