\BOOKMARK [1][-]{section.1}{\376\377\137\025\212\000}{}% 1
\BOOKMARK [2][-]{subsection.1.1}{\376\377\133\236\232\214\166\356\166\204}{section.1}% 2
\BOOKMARK [2][-]{subsection.1.2}{\376\377\133\236\232\214\123\237\164\006\124\214\133\236\232\214\145\271\154\325}{section.1}% 3
\BOOKMARK [1][-]{section.2}{\376\377\133\236\232\214\220\350\122\006}{}% 4
\BOOKMARK [2][-]{subsection.2.1}{\376\377\116\352\126\150\124\214\213\325\122\102}{section.2}% 5
\BOOKMARK [2][-]{subsection.2.2}{\376\377\133\236\232\214\121\205\133\271\000p\000h\000y\000s\000c\000h\000e\000m\000l\000a\000b}{section.2}% 6
\BOOKMARK [3][-]{subsubsection.2.2.1}{\376\377\147\000\131\047\154\024\154\341\123\213\122\233\154\325\155\113\221\317\176\257\154\064\210\150\227\142\137\040\122\233}{subsection.2.2}% 7
\BOOKMARK [3][-]{subsubsection.2.2.2}{\376\377\147\000\131\047\154\024\154\341\123\213\122\233\154\325\155\113\221\317\153\143\116\001\221\207\210\150\227\142\137\040\122\233}{subsection.2.2}% 8
\BOOKMARK [3][-]{subsubsection.2.2.3}{\376\377\124\012\162\107\154\325\155\113\221\317\210\150\227\142\137\040\122\233}{subsection.2.2}% 9
\BOOKMARK [1][-]{section.3}{\376\377\145\160\143\156\116\016\176\323\147\234}{}% 10
\BOOKMARK [2][-]{subsection.3.1}{\376\377\133\236\232\214\145\160\143\156\131\004\164\006}{section.3}% 11
\BOOKMARK [3][-]{subsubsection.3.1.1}{\376\377\147\000\131\047\154\024\154\341\123\213\122\233\154\325\226\366\160\271\117\115\177\156\155\113\221\317}{subsection.3.1}% 12
\BOOKMARK [3][-]{subsubsection.3.1.2}{\376\377\147\000\131\047\154\024\154\341\123\213\122\233\154\325\155\113\221\317\176\257\154\064\210\150\227\142\137\040\122\233}{subsection.3.1}% 13
\BOOKMARK [3][-]{subsubsection.3.1.3}{\376\377\147\000\131\047\154\024\154\341\123\213\122\233\154\325\155\113\221\317\153\143\116\001\221\207\210\150\227\142\137\040\122\233}{subsection.3.1}% 14
\BOOKMARK [3][-]{subsubsection.3.1.4}{\376\377\124\012\162\107\154\325\155\113\221\317\210\150\227\142\137\040\122\233}{subsection.3.1}% 15
\BOOKMARK [2][-]{subsection.3.2}{\376\377\145\160\143\156\131\004\164\006\176\323\147\234\116\016\122\006\147\220}{section.3}% 16
\BOOKMARK [3][-]{subsubsection.3.2.1}{\376\377\131\047\154\024\154\341\123\213\122\233\154\325\213\241\173\227\124\004\155\123\136\246\153\143\116\001\221\207\154\064\156\266\155\262\166\204\120\074}{subsection.3.2}% 17
\BOOKMARK [3][-]{subsubsection.3.2.2}{\376\377\153\143\116\001\221\207\154\064\156\266\155\262\000-\000l\000n\000c\173\111\156\051\146\362\176\277\116\016\231\161\124\214\124\070\226\104\221\317}{subsection.3.2}% 18
\BOOKMARK [3][-]{subsubsection.3.2.3}{\376\377\147\000\131\047\154\024\154\341\123\213\122\233\154\325\213\241\173\227\122\006\133\120\124\070\226\104\227\142\171\357\000q\116\016\153\143\116\001\221\207\122\006\133\120\133\236\226\105\227\142\171\357\000q\000c}{subsection.3.2}% 19
\BOOKMARK [3][-]{subsubsection.3.2.4}{\376\377\124\012\162\107\154\325\155\113\221\317\153\143\116\001\221\207\000-\000l\000n\000c\146\362\176\277\060\001\231\161\124\214\124\070\226\104\221\317\060\001\122\006\133\120\124\070\226\104\227\142\171\357\000q\116\016\153\143\116\001\221\207\122\006\133\120\133\236\226\105\227\142\171\357\000q\000c}{subsection.3.2}% 20
\BOOKMARK [1][-]{section.4}{\376\377\213\250\213\272\116\016\176\323\213\272}{}% 21
\BOOKMARK [2][-]{subsection.4.1}{\376\377\133\236\232\214\213\250\213\272}{section.4}% 22
\BOOKMARK [3][-]{subsubsection.4.1.1}{\376\377\124\012\162\107\154\325\155\113\221\317\145\366\145\160\120\074\123\330\123\026\166\204\123\237\126\340}{subsection.4.1}% 23
\BOOKMARK [3][-]{subsubsection.4.1.2}{\376\377\116\305\213\260\137\125\000L\000R\145\160\143\156\136\046\147\145\166\204\213\357\135\356}{subsection.4.1}% 24
\BOOKMARK [3][-]{subsubsection.4.1.3}{\376\377\121\166\116\326\213\357\135\356\147\145\156\220\122\006\147\220}{subsection.4.1}% 25
\BOOKMARK [3][-]{subsubsection.4.1.4}{\376\377\133\236\232\214\166\204\145\071\217\333}{subsection.4.1}% 26
\BOOKMARK [2][-]{subsection.4.2}{\376\377\133\236\232\214\176\323\213\272}{section.4}% 27
\BOOKMARK [1][-]{section.5}{\376\377\000S\000u\000p\000p\000o\000r\000t\000i\000n\000g\000\040\000I\000n\000f\000o\000r\000m\000a\000t\000i\000o\000n}{}% 28
