\BOOKMARK [1][-]{section.1}{\376\377\137\025\212\000}{}% 1
\BOOKMARK [2][-]{subsection.1.1}{\376\377\133\236\232\214\166\356\166\204}{section.1}% 2
\BOOKMARK [2][-]{subsection.1.2}{\376\377\133\236\232\214\123\237\164\006\124\214\133\236\232\214\145\271\154\325}{section.1}% 3
\BOOKMARK [1][-]{section.2}{\376\377\133\236\232\214\220\350\122\006}{}% 4
\BOOKMARK [2][-]{subsection.2.1}{\376\377\116\352\126\150\124\214\213\325\122\102}{section.2}% 5
\BOOKMARK [2][-]{subsection.2.2}{\376\377\133\236\232\214\121\205\133\271\000p\000h\000y\000s\000c\000h\000e\000m\000l\000a\000b}{section.2}% 6
\BOOKMARK [3][-]{subsubsection.2.2.1}{\376\377\155\113\221\317\176\257\116\131\221\207\124\214\163\257\135\361\160\367\166\204\142\230\134\004\163\207}{subsection.2.2}% 7
\BOOKMARK [3][-]{subsubsection.2.2.2}{\376\377\155\113\221\317\176\257\116\131\221\207\124\214\154\270\160\271\124\214\154\024\060\001\155\262\142\230\134\004\163\207}{subsection.2.2}% 8
\BOOKMARK [3][-]{subsubsection.2.2.3}{\376\377\154\270\160\271\124\214\116\044\166\370\142\020\122\006\166\204\155\113\133\232}{subsection.2.2}% 9
\BOOKMARK [3][-]{subsubsection.2.2.4}{\376\377\150\007\121\306\135\345\117\134\146\362\176\277\176\330\122\066}{subsection.2.2}% 10
\BOOKMARK [1][-]{section.3}{\376\377\145\160\143\156\116\016\176\323\147\234}{}% 11
\BOOKMARK [2][-]{subsection.3.1}{\376\377\133\236\232\214\145\160\143\156\131\004\164\006\116\016\122\006\147\220}{section.3}% 12
\BOOKMARK [3][-]{subsubsection.3.1.1}{\376\377\150\007\121\306\135\345\117\134\146\362\176\277\166\204\176\330\122\066}{subsection.3.1}% 13
\BOOKMARK [3][-]{subsubsection.3.1.2}{\376\377\116\131\221\207\000-\163\257\135\361\160\367\156\266\155\262\154\270\160\271\123\312\121\166\116\044\166\370\142\230\134\004\163\207\166\204\155\113\221\317}{subsection.3.1}% 14
\BOOKMARK [2][-]{subsection.3.2}{\376\377\145\160\143\156\131\004\164\006\176\323\147\234\116\016\122\006\147\220}{section.3}% 15
\BOOKMARK [3][-]{subsubsection.3.2.1}{\376\377\154\024\155\262\136\163\210\141\145\366\155\262\166\370\060\001\154\024\166\370\176\304\142\020\213\241\173\227}{subsection.3.2}% 16
\BOOKMARK [3][-]{subsubsection.3.2.2}{\376\377\116\131\221\207\000-\163\257\135\361\160\367\117\123\174\373\154\270\160\271\000-\154\024\060\001\155\262\142\020\122\006\126\376}{subsection.3.2}% 17
\BOOKMARK [1][-]{section.4}{\376\377\213\250\213\272\116\016\176\323\213\272}{}% 18
\BOOKMARK [2][-]{subsection.4.1}{\376\377\133\236\232\214\213\250\213\272}{section.4}% 19
\BOOKMARK [3][-]{subsubsection.4.1.1}{\376\377\150\007\121\306\135\345\117\134\146\362\176\277\166\204\142\337\124\010\145\271\137\017}{subsection.4.1}% 20
\BOOKMARK [3][-]{subsubsection.4.1.2}{\376\377\117\123\174\373\226\276\116\345\136\163\210\141}{subsection.4.1}% 21
\BOOKMARK [2][-]{subsection.4.2}{\376\377\213\357\135\356\213\250\213\272}{section.4}% 22
\BOOKMARK [3][-]{subsubsection.4.2.1}{\376\377\163\257\135\361\160\367\166\204\137\353\220\037\143\045\123\321}{subsection.4.2}% 23
\BOOKMARK [3][-]{subsubsection.4.2.2}{\376\377\123\326\156\266\122\102\145\366\166\204\156\051\136\246\226\115\117\116}{subsection.4.2}% 24
\BOOKMARK [3][-]{subsubsection.4.2.3}{\376\377\133\236\232\214\166\204\145\071\217\333}{subsection.4.2}% 25
\BOOKMARK [2][-]{subsection.4.3}{\376\377\133\236\232\214\176\323\213\272}{section.4}% 26
\BOOKMARK [1][-]{section.5}{\376\377\000S\000u\000p\000p\000o\000r\000t\000i\000n\000g\000\040\000I\000n\000f\000o\000r\000m\000a\000t\000i\000o\000n}{}% 27
