\BOOKMARK [1][-]{section.1}{\376\377\137\025\212\000}{}% 1
\BOOKMARK [2][-]{subsection.1.1}{\376\377\133\236\232\214\166\356\166\204}{section.1}% 2
\BOOKMARK [2][-]{subsection.1.2}{\376\377\133\236\232\214\123\237\164\006\124\214\133\236\232\214\145\271\154\325}{section.1}% 3
\BOOKMARK [1][-]{section.2}{\376\377\133\236\232\214\220\350\122\006}{}% 4
\BOOKMARK [2][-]{subsection.2.1}{\376\377\116\352\126\150\124\214\213\325\122\102}{section.2}% 5
\BOOKMARK [2][-]{subsection.2.2}{\376\377\133\236\232\214\121\205\133\271\000p\000h\000y\000s\000c\000h\000e\000m\000l\000a\000b}{section.2}% 6
\BOOKMARK [3][-]{subsubsection.2.2.1}{\376\377\175\053\131\026\123\357\211\301\121\111\214\061\116\352\166\204\144\055\136\372}{subsection.2.2}% 7
\BOOKMARK [3][-]{subsubsection.2.2.2}{\376\377\121\111\214\061\116\352\166\204\150\007\133\232}{subsection.2.2}% 8
\BOOKMARK [3][-]{subsubsection.2.2.3}{\376\377\155\113\133\232\116\015\124\014\155\123\136\246\166\204\156\266\155\262\156\266\155\262\060\001\116\015\124\014\121\111\156\220\116\013\166\204\124\070\145\066\121\111\214\061}{subsection.2.2}% 9
\BOOKMARK [3][-]{subsubsection.2.2.4}{\376\377\155\113\133\232\124\004\121\161\217\155\122\006\133\120\166\204\124\070\145\066\121\111\214\061}{subsection.2.2}% 10
\BOOKMARK [1][-]{section.3}{\376\377\145\160\143\156\116\016\176\323\147\234}{}% 11
\BOOKMARK [2][-]{subsection.3.1}{\376\377\133\236\232\214\145\160\143\156\131\004\164\006\116\016\122\006\147\220}{section.3}% 12
\BOOKMARK [3][-]{subsubsection.3.1.1}{\376\377\121\111\214\061\116\352\166\204\150\007\133\232}{subsection.3.1}% 13
\BOOKMARK [3][-]{subsubsection.3.1.2}{\376\377\155\113\133\232\116\015\124\014\155\123\136\246\156\266\155\262\166\204\124\070\145\066\121\111\214\061}{subsection.3.1}% 14
\BOOKMARK [3][-]{subsubsection.3.1.3}{\376\377\000L\000a\000m\000b\000e\000r\000t\000-\000B\000e\000e\000r\133\232\137\213\166\204\232\214\213\301}{subsection.3.1}% 15
\BOOKMARK [3][-]{subsubsection.3.1.4}{\376\377\116\015\124\014\121\111\156\220\116\013\166\204\124\070\145\066\121\111\214\061}{subsection.3.1}% 16
\BOOKMARK [3][-]{subsubsection.3.1.5}{\376\377\124\004\121\161\217\155\122\006\133\120\166\204\124\070\145\066\121\111\214\061}{subsection.3.1}% 17
\BOOKMARK [2][-]{subsection.3.2}{\376\377\213\241\173\227\116\016\176\323\147\234\122\006\147\220}{section.3}% 18
\BOOKMARK [3][-]{subsubsection.3.2.1}{\376\377\000G\000a\000u\000s\000s\000i\000a\000n\164\006\213\272\213\241\173\227}{subsection.3.2}% 19
\BOOKMARK [3][-]{subsubsection.3.2.2}{\376\377\116\000\176\364\122\277\226\061\152\041\127\213\166\204\232\214\213\301}{subsection.3.2}% 20
\BOOKMARK [1][-]{section.4}{\376\377\213\250\213\272\116\016\176\323\213\272}{}% 21
\BOOKMARK [2][-]{subsection.4.1}{\376\377\133\236\232\214\213\250\213\272}{section.4}% 22
\BOOKMARK [3][-]{subsubsection.4.1.1}{\376\377\147\102\215\050\166\204\143\242\172\166}{subsection.4.1}% 23
\BOOKMARK [3][-]{subsubsection.4.1.2}{\376\377\213\357\135\356\122\006\147\220}{subsection.4.1}% 24
\BOOKMARK [2][-]{subsection.4.2}{\376\377\133\236\232\214\176\323\213\272}{section.4}% 25
\BOOKMARK [1][-]{section.5}{\376\377\000S\000u\000p\000p\000o\000r\000t\000i\000n\000g\000\040\000I\000n\000f\000o\000r\000m\000a\000t\000i\000o\000n}{}% 26
